已經開始建置於 2016/11/1 上午 10:37:21。
     1>節點 2 (rebuild 目標) 上的專案 "C:\Users\IRIS\Desktop\MFC C# 自動化互傳(已測試過)2016.10.28\MFC C# 自動化互傳(已測試過)2016.10.28\MFC-Win32-Client\MFC-Win32-Client\MFC-Win32-Client.vcxproj"。
     1>_PrepareForClean:
         正在刪除檔案 "Debug\MFC-Win32-Client.lastbuildstate"。
       InitializeBuildStatus:
         由於指定了 "AlwaysCreate"，因此正在建立 "Debug\MFC-Win32-Client.unsuccessfulbuild"。
       ClCompile:
         C:\Program Files\Microsoft Visual Studio 10.0\VC\bin\CL.exe /c /ZI /nologo /W3 /WX- /Od /Oy- /D WIN32 /D _WINDOWS /D _DEBUG /D _UNICODE /D UNICODE /D _AFXDLL /Gm /EHsc /RTC1 /MDd /GS /fp:precise /Zc:wchar_t /Zc:forScope /Yc"StdAfx.h" /Fp"Debug\MFC-Win32-Client.pch" /Fo"Debug\\" /Fd"Debug\vc100.pdb" /Gd /TP /analyze- /errorReport:prompt stdafx.cpp
         stdafx.cpp
         C:\Program Files\Microsoft Visual Studio 10.0\VC\bin\CL.exe /c /ZI /nologo /W3 /WX- /Od /Oy- /D WIN32 /D _WINDOWS /D _DEBUG /D _UNICODE /D UNICODE /D _AFXDLL /Gm /EHsc /RTC1 /MDd /GS /fp:precise /Zc:wchar_t /Zc:forScope /Yu"StdAfx.h" /Fp"Debug\MFC-Win32-Client.pch" /Fo"Debug\\" /Fd"Debug\vc100.pdb" /Gd /TP /analyze- /errorReport:prompt "MFC-Win32-Client.cpp" "MFC-Win32-ClientDlg.cpp"
         MFC-Win32-ClientDlg.cpp
     1>c:\users\iris\desktop\mfc c# 自動化互傳(已測試過)2016.10.28\mfc c# 自動化互傳(已測試過)2016.10.28\mfc-win32-client\mfc-win32-client\mfc-win32-clientdlg.cpp(252): warning C4996: 'strcpy': This function or variable may be unsafe. Consider using strcpy_s instead. To disable deprecation, use _CRT_SECURE_NO_WARNINGS. See online help for details.
                 c:\program files\microsoft visual studio 10.0\vc\include\string.h(105) : 請參閱 'strcpy' 的宣告
     1>c:\users\iris\desktop\mfc c# 自動化互傳(已測試過)2016.10.28\mfc c# 自動化互傳(已測試過)2016.10.28\mfc-win32-client\mfc-win32-client\mfc-win32-clientdlg.cpp(284): warning C4996: 'strcpy': This function or variable may be unsafe. Consider using strcpy_s instead. To disable deprecation, use _CRT_SECURE_NO_WARNINGS. See online help for details.
                 c:\program files\microsoft visual studio 10.0\vc\include\string.h(105) : 請參閱 'strcpy' 的宣告
     1>c:\users\iris\desktop\mfc c# 自動化互傳(已測試過)2016.10.28\mfc c# 自動化互傳(已測試過)2016.10.28\mfc-win32-client\mfc-win32-client\mfc-win32-clientdlg.cpp(251): warning C4101: 'szBuf' : 未參考的區域變數
     1>c:\users\iris\desktop\mfc c# 自動化互傳(已測試過)2016.10.28\mfc c# 自動化互傳(已測試過)2016.10.28\mfc-win32-client\mfc-win32-client\mfc-win32-clientdlg.cpp(283): warning C4101: 'szNewString' : 未參考的區域變數
     1>c:\users\iris\desktop\mfc c# 自動化互傳(已測試過)2016.10.28\mfc c# 自動化互傳(已測試過)2016.10.28\mfc-win32-client\mfc-win32-client\mfc-win32-clientdlg.cpp(351): warning C4244: '=' : 將 'wchar_t' 轉換為 'char'，由於型別不同，可能導致資料遺失
     1>c:\users\iris\desktop\mfc c# 自動化互傳(已測試過)2016.10.28\mfc c# 自動化互傳(已測試過)2016.10.28\mfc-win32-client\mfc-win32-client\mfc-win32-clientdlg.cpp(434): warning C4244: '=' : 將 'wchar_t' 轉換為 'char'，由於型別不同，可能導致資料遺失
     1>c:\users\iris\desktop\mfc c# 自動化互傳(已測試過)2016.10.28\mfc c# 自動化互傳(已測試過)2016.10.28\mfc-win32-client\mfc-win32-client\mfc-win32-clientdlg.cpp(398): warning C4101: 'hMySelf1l' : 未參考的區域變數
     1>c:\users\iris\desktop\mfc c# 自動化互傳(已測試過)2016.10.28\mfc c# 自動化互傳(已測試過)2016.10.28\mfc-win32-client\mfc-win32-client\mfc-win32-clientdlg.cpp(395): warning C4101: 'iLen2' : 未參考的區域變數
     1>c:\users\iris\desktop\mfc c# 自動化互傳(已測試過)2016.10.28\mfc c# 自動化互傳(已測試過)2016.10.28\mfc-win32-client\mfc-win32-client\mfc-win32-clientdlg.cpp(397): warning C4101: 'pCdName1' : 未參考的區域變數
     1>c:\users\iris\desktop\mfc c# 自動化互傳(已測試過)2016.10.28\mfc c# 自動化互傳(已測試過)2016.10.28\mfc-win32-client\mfc-win32-client\mfc-win32-clientdlg.cpp(396): warning C4101: 'icount' : 未參考的區域變數
         MFC-Win32-Client.cpp
         正在產生程式碼...
       ResourceCompile:
         C:\Program Files\Microsoft SDKs\Windows\v7.0A\bin\rc.exe /D _DEBUG /D _UNICODE /D UNICODE /D _AFXDLL /l"0x0404" /IDebug\ /nologo /fo"Debug\MFC-Win32-Client.res" MFC-Win32-Client.rc 
       ManifestResourceCompile:
         C:\Program Files\Microsoft SDKs\Windows\v7.0A\bin\rc.exe /nologo /fo"Debug\MFC-Win32-Client.exe.embed.manifest.res" Debug\MFC-Win32-Client_manifest.rc 
       Link:
         C:\Program Files\Microsoft Visual Studio 10.0\VC\bin\link.exe /ERRORREPORT:PROMPT /OUT:"C:\Users\IRIS\Desktop\MFC C# 自動化互傳(已測試過)2016.10.28\MFC C# 自動化互傳(已測試過)2016.10.28\MFC-Win32-Client\Debug\MFC-Win32-Client.exe" /INCREMENTAL /NOLOGO /MANIFEST /ManifestFile:"Debug\MFC-Win32-Client.exe.intermediate.manifest" /MANIFESTUAC:"level='asInvoker' uiAccess='false'" /DEBUG /PDB:"C:\Users\IRIS\Desktop\MFC C# 自動化互傳(已測試過)2016.10.28\MFC C# 自動化互傳(已測試過)2016.10.28\MFC-Win32-Client\Debug\MFC-Win32-Client.pdb" /SUBSYSTEM:WINDOWS /TLBID:1 /ENTRY:"wWinMainCRTStartup" /DYNAMICBASE /NXCOMPAT /IMPLIB:"C:\Users\IRIS\Desktop\MFC C# 自動化互傳(已測試過)2016.10.28\MFC C# 自動化互傳(已測試過)2016.10.28\MFC-Win32-Client\Debug\MFC-Win32-Client.lib" /MACHINE:X86 "Debug\MFC-Win32-Client.res"
         "Debug\MFC-Win32-Client.exe.embed.manifest.res"
         "Debug\MFC-Win32-Client.obj"
         "Debug\MFC-Win32-ClientDlg.obj"
         Debug\stdafx.obj
       Manifest:
         正在刪除檔案 "Debug\MFC-Win32-Client.exe.embed.manifest"。
         C:\Program Files\Microsoft SDKs\Windows\v7.0A\bin\mt.exe /nologo /verbose /out:"Debug\MFC-Win32-Client.exe.embed.manifest" /manifest "Debug\MFC-Win32-Client.exe.intermediate.manifest" "C:\Program Files\Microsoft Visual Studio 10.0\VC\Include\Manifest\dpiaware.manifest"
         C:\Program Files\Microsoft SDKs\Windows\v7.0A\bin\rc.exe /nologo /fo"Debug\MFC-Win32-Client.exe.embed.manifest.res" Debug\MFC-Win32-Client_manifest.rc 
       LinkEmbedManifest:
         C:\Program Files\Microsoft Visual Studio 10.0\VC\bin\link.exe /ERRORREPORT:PROMPT /OUT:"C:\Users\IRIS\Desktop\MFC C# 自動化互傳(已測試過)2016.10.28\MFC C# 自動化互傳(已測試過)2016.10.28\MFC-Win32-Client\Debug\MFC-Win32-Client.exe" /INCREMENTAL /NOLOGO /MANIFEST /ManifestFile:"Debug\MFC-Win32-Client.exe.intermediate.manifest" /MANIFESTUAC:"level='asInvoker' uiAccess='false'" /DEBUG /PDB:"C:\Users\IRIS\Desktop\MFC C# 自動化互傳(已測試過)2016.10.28\MFC C# 自動化互傳(已測試過)2016.10.28\MFC-Win32-Client\Debug\MFC-Win32-Client.pdb" /SUBSYSTEM:WINDOWS /TLBID:1 /ENTRY:"wWinMainCRTStartup" /DYNAMICBASE /NXCOMPAT /IMPLIB:"C:\Users\IRIS\Desktop\MFC C# 自動化互傳(已測試過)2016.10.28\MFC C# 自動化互傳(已測試過)2016.10.28\MFC-Win32-Client\Debug\MFC-Win32-Client.lib" /MACHINE:X86 "Debug\MFC-Win32-Client.res"
         "Debug\MFC-Win32-Client.exe.embed.manifest.res"
         "Debug\MFC-Win32-Client.obj"
         "Debug\MFC-Win32-ClientDlg.obj"
         Debug\stdafx.obj
         MFC-Win32-Client.vcxproj -> C:\Users\IRIS\Desktop\MFC C# 自動化互傳(已測試過)2016.10.28\MFC C# 自動化互傳(已測試過)2016.10.28\MFC-Win32-Client\Debug\MFC-Win32-Client.exe
       FinalizeBuildStatus:
         正在刪除檔案 "Debug\MFC-Win32-Client.unsuccessfulbuild"。
         正在變更時間戳記 "Debug\MFC-Win32-Client.lastbuildstate"。
     1>專案 "C:\Users\IRIS\Desktop\MFC C# 自動化互傳(已測試過)2016.10.28\MFC C# 自動化互傳(已測試過)2016.10.28\MFC-Win32-Client\MFC-Win32-Client\MFC-Win32-Client.vcxproj" (rebuild 目標) 建置完成。

建置成功。

經過時間 00:00:04.20
