C:\USERS\IRIS\DESKTOP\MFC C# 自動化互傳(已測試過)2016.10.28\MFC C# 自動化互傳(已測試過)2016.10.28\MFC-WIN32-CLIENT\DEBUG\MFC-WIN32-CLIENT.EXE
C:\USERS\IRIS\DESKTOP\MFC C# 自動化互傳(已測試過)2016.10.28\MFC C# 自動化互傳(已測試過)2016.10.28\MFC-WIN32-CLIENT\DEBUG\MFC-WIN32-CLIENT.ILK
C:\USERS\IRIS\DESKTOP\MFC C# 自動化互傳(已測試過)2016.10.28\MFC C# 自動化互傳(已測試過)2016.10.28\MFC-WIN32-CLIENT\DEBUG\MFC-WIN32-CLIENT.PDB
C:\Users\IRIS\Desktop\MFC C# 自動化互傳(已測試過)2016.10.28\MFC C# 自動化互傳(已測試過)2016.10.28\MFC-Win32-Client\MFC-Win32-Client\Debug\cl.command.1.tlog
C:\Users\IRIS\Desktop\MFC C# 自動化互傳(已測試過)2016.10.28\MFC C# 自動化互傳(已測試過)2016.10.28\MFC-Win32-Client\MFC-Win32-Client\Debug\CL.read.1.tlog
C:\Users\IRIS\Desktop\MFC C# 自動化互傳(已測試過)2016.10.28\MFC C# 自動化互傳(已測試過)2016.10.28\MFC-Win32-Client\MFC-Win32-Client\Debug\CL.write.1.tlog
C:\Users\IRIS\Desktop\MFC C# 自動化互傳(已測試過)2016.10.28\MFC C# 自動化互傳(已測試過)2016.10.28\MFC-Win32-Client\MFC-Win32-Client\Debug\link.command.1.tlog
C:\Users\IRIS\Desktop\MFC C# 自動化互傳(已測試過)2016.10.28\MFC C# 自動化互傳(已測試過)2016.10.28\MFC-Win32-Client\MFC-Win32-Client\Debug\link.read.1.tlog
C:\Users\IRIS\Desktop\MFC C# 自動化互傳(已測試過)2016.10.28\MFC C# 自動化互傳(已測試過)2016.10.28\MFC-Win32-Client\MFC-Win32-Client\Debug\link.write.1.tlog
C:\Users\IRIS\Desktop\MFC C# 自動化互傳(已測試過)2016.10.28\MFC C# 自動化互傳(已測試過)2016.10.28\MFC-Win32-Client\MFC-Win32-Client\Debug\link-cvtres.read.1.tlog
C:\Users\IRIS\Desktop\MFC C# 自動化互傳(已測試過)2016.10.28\MFC C# 自動化互傳(已測試過)2016.10.28\MFC-Win32-Client\MFC-Win32-Client\Debug\link-cvtres.write.1.tlog
C:\USERS\IRIS\DESKTOP\MFC C# 自動化互傳(已測試過)2016.10.28\MFC C# 自動化互傳(已測試過)2016.10.28\MFC-WIN32-CLIENT\MFC-WIN32-CLIENT\DEBUG\MFC-WIN32-CLIENT.EXE.EMBED.MANIFEST
C:\USERS\IRIS\DESKTOP\MFC C# 自動化互傳(已測試過)2016.10.28\MFC C# 自動化互傳(已測試過)2016.10.28\MFC-WIN32-CLIENT\MFC-WIN32-CLIENT\DEBUG\MFC-WIN32-CLIENT.EXE.EMBED.MANIFEST.RES
C:\USERS\IRIS\DESKTOP\MFC C# 自動化互傳(已測試過)2016.10.28\MFC C# 自動化互傳(已測試過)2016.10.28\MFC-WIN32-CLIENT\MFC-WIN32-CLIENT\DEBUG\MFC-WIN32-CLIENT.EXE.INTERMEDIATE.MANIFEST
C:\USERS\IRIS\DESKTOP\MFC C# 自動化互傳(已測試過)2016.10.28\MFC C# 自動化互傳(已測試過)2016.10.28\MFC-WIN32-CLIENT\MFC-WIN32-CLIENT\DEBUG\MFC-WIN32-CLIENT.OBJ
C:\USERS\IRIS\DESKTOP\MFC C# 自動化互傳(已測試過)2016.10.28\MFC C# 自動化互傳(已測試過)2016.10.28\MFC-WIN32-CLIENT\MFC-WIN32-CLIENT\DEBUG\MFC-WIN32-CLIENT.PCH
C:\USERS\IRIS\DESKTOP\MFC C# 自動化互傳(已測試過)2016.10.28\MFC C# 自動化互傳(已測試過)2016.10.28\MFC-WIN32-CLIENT\MFC-WIN32-CLIENT\DEBUG\MFC-WIN32-CLIENT.RES
C:\Users\IRIS\Desktop\MFC C# 自動化互傳(已測試過)2016.10.28\MFC C# 自動化互傳(已測試過)2016.10.28\MFC-Win32-Client\MFC-Win32-Client\Debug\MFC-Win32-Client.write.1.tlog
C:\Users\IRIS\Desktop\MFC C# 自動化互傳(已測試過)2016.10.28\MFC C# 自動化互傳(已測試過)2016.10.28\MFC-Win32-Client\MFC-Win32-Client\Debug\MFC-Win32-Client_manifest.rc
C:\USERS\IRIS\DESKTOP\MFC C# 自動化互傳(已測試過)2016.10.28\MFC C# 自動化互傳(已測試過)2016.10.28\MFC-WIN32-CLIENT\MFC-WIN32-CLIENT\DEBUG\MFC-WIN32-CLIENTDLG.OBJ
C:\Users\IRIS\Desktop\MFC C# 自動化互傳(已測試過)2016.10.28\MFC C# 自動化互傳(已測試過)2016.10.28\MFC-Win32-Client\MFC-Win32-Client\Debug\mt.command.1.tlog
C:\Users\IRIS\Desktop\MFC C# 自動化互傳(已測試過)2016.10.28\MFC C# 自動化互傳(已測試過)2016.10.28\MFC-Win32-Client\MFC-Win32-Client\Debug\mt.read.1.tlog
C:\Users\IRIS\Desktop\MFC C# 自動化互傳(已測試過)2016.10.28\MFC C# 自動化互傳(已測試過)2016.10.28\MFC-Win32-Client\MFC-Win32-Client\Debug\mt.write.1.tlog
C:\Users\IRIS\Desktop\MFC C# 自動化互傳(已測試過)2016.10.28\MFC C# 自動化互傳(已測試過)2016.10.28\MFC-Win32-Client\MFC-Win32-Client\Debug\rc.command.1.tlog
C:\Users\IRIS\Desktop\MFC C# 自動化互傳(已測試過)2016.10.28\MFC C# 自動化互傳(已測試過)2016.10.28\MFC-Win32-Client\MFC-Win32-Client\Debug\rc.read.1.tlog
C:\Users\IRIS\Desktop\MFC C# 自動化互傳(已測試過)2016.10.28\MFC C# 自動化互傳(已測試過)2016.10.28\MFC-Win32-Client\MFC-Win32-Client\Debug\rc.write.1.tlog
C:\USERS\IRIS\DESKTOP\MFC C# 自動化互傳(已測試過)2016.10.28\MFC C# 自動化互傳(已測試過)2016.10.28\MFC-WIN32-CLIENT\MFC-WIN32-CLIENT\DEBUG\STDAFX.OBJ
C:\Users\IRIS\Desktop\MFC C# 自動化互傳(已測試過)2016.10.28\MFC C# 自動化互傳(已測試過)2016.10.28\MFC-Win32-Client\MFC-Win32-Client\Debug\vc100.idb
C:\USERS\IRIS\DESKTOP\MFC C# 自動化互傳(已測試過)2016.10.28\MFC C# 自動化互傳(已測試過)2016.10.28\MFC-WIN32-CLIENT\MFC-WIN32-CLIENT\DEBUG\VC100.PDB
