已經開始建置於 2016/11/1 上午 10:37:29。
     1>節點 2 (rebuild 目標) 上的專案 "C:\Users\IRIS\Desktop\MFC C# 自動化互傳(已測試過)2016.10.28\MFC C# 自動化互傳(已測試過)2016.10.28\MFC-Win32-Client\MFC-Win32-Client\MFC-Win32-Client.vcxproj"。
     1>_PrepareForClean:
         正在刪除檔案 "Release\MFC-Win32-Client.lastbuildstate"。
       InitializeBuildStatus:
         由於指定了 "AlwaysCreate"，因此正在建立 "Release\MFC-Win32-Client.unsuccessfulbuild"。
       ClCompile:
         C:\Program Files\Microsoft Visual Studio 10.0\VC\bin\CL.exe /c /Zi /nologo /W3 /WX- /O2 /Oi /Oy- /GL /D WIN32 /D _WINDOWS /D NDEBUG /D _UNICODE /D UNICODE /D _AFXDLL /Gm- /EHsc /MD /GS /Gy /fp:precise /Zc:wchar_t /Zc:forScope /Yc"StdAfx.h" /Fp"Release\MFC-Win32-Client.pch" /Fo"Release\\" /Fd"Release\vc100.pdb" /Gd /TP /analyze- /errorReport:prompt stdafx.cpp
         stdafx.cpp
         C:\Program Files\Microsoft Visual Studio 10.0\VC\bin\CL.exe /c /Zi /nologo /W3 /WX- /O2 /Oi /Oy- /GL /D WIN32 /D _WINDOWS /D NDEBUG /D _UNICODE /D UNICODE /D _AFXDLL /Gm- /EHsc /MD /GS /Gy /fp:precise /Zc:wchar_t /Zc:forScope /Yu"StdAfx.h" /Fp"Release\MFC-Win32-Client.pch" /Fo"Release\\" /Fd"Release\vc100.pdb" /Gd /TP /analyze- /errorReport:prompt "MFC-Win32-Client.cpp" "MFC-Win32-ClientDlg.cpp"
         MFC-Win32-Client.cpp
         MFC-Win32-ClientDlg.cpp
     1>MFC-Win32-ClientDlg.cpp(252): warning C4996: 'strcpy': This function or variable may be unsafe. Consider using strcpy_s instead. To disable deprecation, use _CRT_SECURE_NO_WARNINGS. See online help for details.
                 C:\Program Files\Microsoft Visual Studio 10.0\VC\include\string.h(105) : 請參閱 'strcpy' 的宣告
     1>MFC-Win32-ClientDlg.cpp(284): warning C4996: 'strcpy': This function or variable may be unsafe. Consider using strcpy_s instead. To disable deprecation, use _CRT_SECURE_NO_WARNINGS. See online help for details.
                 C:\Program Files\Microsoft Visual Studio 10.0\VC\include\string.h(105) : 請參閱 'strcpy' 的宣告
     1>MFC-Win32-ClientDlg.cpp(251): warning C4101: 'szBuf' : 未參考的區域變數
     1>MFC-Win32-ClientDlg.cpp(283): warning C4101: 'szNewString' : 未參考的區域變數
     1>MFC-Win32-ClientDlg.cpp(351): warning C4244: '=' : 將 'wchar_t' 轉換為 'char'，由於型別不同，可能導致資料遺失
     1>MFC-Win32-ClientDlg.cpp(434): warning C4244: '=' : 將 'wchar_t' 轉換為 'char'，由於型別不同，可能導致資料遺失
     1>MFC-Win32-ClientDlg.cpp(398): warning C4101: 'hMySelf1l' : 未參考的區域變數
     1>MFC-Win32-ClientDlg.cpp(395): warning C4101: 'iLen2' : 未參考的區域變數
     1>MFC-Win32-ClientDlg.cpp(397): warning C4101: 'pCdName1' : 未參考的區域變數
     1>MFC-Win32-ClientDlg.cpp(396): warning C4101: 'icount' : 未參考的區域變數
       ResourceCompile:
         C:\Program Files\Microsoft SDKs\Windows\v7.0A\bin\rc.exe /D NDEBUG /D _UNICODE /D UNICODE /D _AFXDLL /l"0x0404" /IRelease\ /nologo /fo"Release\MFC-Win32-Client.res" MFC-Win32-Client.rc 
       Link:
         C:\Program Files\Microsoft Visual Studio 10.0\VC\bin\link.exe /ERRORREPORT:PROMPT /OUT:"C:\Users\IRIS\Desktop\MFC C# 自動化互傳(已測試過)2016.10.28\MFC C# 自動化互傳(已測試過)2016.10.28\MFC-Win32-Client\Release\MFC-Win32-Client.exe" /INCREMENTAL:NO /NOLOGO /MANIFEST /ManifestFile:"Release\MFC-Win32-Client.exe.intermediate.manifest" /MANIFESTUAC:"level='asInvoker' uiAccess='false'" /DEBUG /PDB:"C:\Users\IRIS\Desktop\MFC C# 自動化互傳(已測試過)2016.10.28\MFC C# 自動化互傳(已測試過)2016.10.28\MFC-Win32-Client\Release\MFC-Win32-Client.pdb" /SUBSYSTEM:WINDOWS /OPT:REF /OPT:ICF /LTCG /TLBID:1 /ENTRY:"wWinMainCRTStartup" /DYNAMICBASE /NXCOMPAT /IMPLIB:"C:\Users\IRIS\Desktop\MFC C# 自動化互傳(已測試過)2016.10.28\MFC C# 自動化互傳(已測試過)2016.10.28\MFC-Win32-Client\Release\MFC-Win32-Client.lib" /MACHINE:X86 "Release\MFC-Win32-Client.res"
         "Release\MFC-Win32-Client.obj"
         "Release\MFC-Win32-ClientDlg.obj"
         Release\stdafx.obj
         正在產生程式碼
         已完成程式碼產生
         MFC-Win32-Client.vcxproj -> C:\Users\IRIS\Desktop\MFC C# 自動化互傳(已測試過)2016.10.28\MFC C# 自動化互傳(已測試過)2016.10.28\MFC-Win32-Client\Release\MFC-Win32-Client.exe
       Manifest:
         C:\Program Files\Microsoft SDKs\Windows\v7.0A\bin\mt.exe /nologo /verbose /outputresource:"C:\Users\IRIS\Desktop\MFC C# 自動化互傳(已測試過)2016.10.28\MFC C# 自動化互傳(已測試過)2016.10.28\MFC-Win32-Client\Release\MFC-Win32-Client.exe;#1" /manifest "Release\MFC-Win32-Client.exe.intermediate.manifest" "C:\Program Files\Microsoft Visual Studio 10.0\VC\Include\Manifest\dpiaware.manifest"
       FinalizeBuildStatus:
         正在刪除檔案 "Release\MFC-Win32-Client.unsuccessfulbuild"。
         正在變更時間戳記 "Release\MFC-Win32-Client.lastbuildstate"。
     1>專案 "C:\Users\IRIS\Desktop\MFC C# 自動化互傳(已測試過)2016.10.28\MFC C# 自動化互傳(已測試過)2016.10.28\MFC-Win32-Client\MFC-Win32-Client\MFC-Win32-Client.vcxproj" (rebuild 目標) 建置完成。

建置成功。

經過時間 00:00:04.07
