C:\Users\IRIS\Desktop\MFC C# 自動化互傳(已測試過)2016.10.28\MFC C# 自動化互傳(已測試過)2016.10.28\MFC-Win32-Client\MFC-Win32-Client\Release\cl.command.1.tlog
C:\Users\IRIS\Desktop\MFC C# 自動化互傳(已測試過)2016.10.28\MFC C# 自動化互傳(已測試過)2016.10.28\MFC-Win32-Client\MFC-Win32-Client\Release\CL.read.1.tlog
C:\Users\IRIS\Desktop\MFC C# 自動化互傳(已測試過)2016.10.28\MFC C# 自動化互傳(已測試過)2016.10.28\MFC-Win32-Client\MFC-Win32-Client\Release\CL.write.1.tlog
C:\Users\IRIS\Desktop\MFC C# 自動化互傳(已測試過)2016.10.28\MFC C# 自動化互傳(已測試過)2016.10.28\MFC-Win32-Client\MFC-Win32-Client\Release\link.command.1.tlog
C:\Users\IRIS\Desktop\MFC C# 自動化互傳(已測試過)2016.10.28\MFC C# 自動化互傳(已測試過)2016.10.28\MFC-Win32-Client\MFC-Win32-Client\Release\link.read.1.tlog
C:\Users\IRIS\Desktop\MFC C# 自動化互傳(已測試過)2016.10.28\MFC C# 自動化互傳(已測試過)2016.10.28\MFC-Win32-Client\MFC-Win32-Client\Release\link.write.1.tlog
C:\Users\IRIS\Desktop\MFC C# 自動化互傳(已測試過)2016.10.28\MFC C# 自動化互傳(已測試過)2016.10.28\MFC-Win32-Client\MFC-Win32-Client\Release\link-cvtres.read.1.tlog
C:\Users\IRIS\Desktop\MFC C# 自動化互傳(已測試過)2016.10.28\MFC C# 自動化互傳(已測試過)2016.10.28\MFC-Win32-Client\MFC-Win32-Client\Release\link-cvtres.write.1.tlog
C:\USERS\IRIS\DESKTOP\MFC C# 自動化互傳(已測試過)2016.10.28\MFC C# 自動化互傳(已測試過)2016.10.28\MFC-WIN32-CLIENT\MFC-WIN32-CLIENT\RELEASE\MFC-WIN32-CLIENT.EXE.INTERMEDIATE.MANIFEST
C:\USERS\IRIS\DESKTOP\MFC C# 自動化互傳(已測試過)2016.10.28\MFC C# 自動化互傳(已測試過)2016.10.28\MFC-WIN32-CLIENT\MFC-WIN32-CLIENT\RELEASE\MFC-WIN32-CLIENT.OBJ
C:\USERS\IRIS\DESKTOP\MFC C# 自動化互傳(已測試過)2016.10.28\MFC C# 自動化互傳(已測試過)2016.10.28\MFC-WIN32-CLIENT\MFC-WIN32-CLIENT\RELEASE\MFC-WIN32-CLIENT.PCH
C:\USERS\IRIS\DESKTOP\MFC C# 自動化互傳(已測試過)2016.10.28\MFC C# 自動化互傳(已測試過)2016.10.28\MFC-WIN32-CLIENT\MFC-WIN32-CLIENT\RELEASE\MFC-WIN32-CLIENT.RES
C:\Users\IRIS\Desktop\MFC C# 自動化互傳(已測試過)2016.10.28\MFC C# 自動化互傳(已測試過)2016.10.28\MFC-Win32-Client\MFC-Win32-Client\Release\MFC-Win32-Client.write.1.tlog
C:\USERS\IRIS\DESKTOP\MFC C# 自動化互傳(已測試過)2016.10.28\MFC C# 自動化互傳(已測試過)2016.10.28\MFC-WIN32-CLIENT\MFC-WIN32-CLIENT\RELEASE\MFC-WIN32-CLIENTDLG.OBJ
C:\Users\IRIS\Desktop\MFC C# 自動化互傳(已測試過)2016.10.28\MFC C# 自動化互傳(已測試過)2016.10.28\MFC-Win32-Client\MFC-Win32-Client\Release\mt.command.1.tlog
C:\Users\IRIS\Desktop\MFC C# 自動化互傳(已測試過)2016.10.28\MFC C# 自動化互傳(已測試過)2016.10.28\MFC-Win32-Client\MFC-Win32-Client\Release\mt.read.1.tlog
C:\Users\IRIS\Desktop\MFC C# 自動化互傳(已測試過)2016.10.28\MFC C# 自動化互傳(已測試過)2016.10.28\MFC-Win32-Client\MFC-Win32-Client\Release\mt.write.1.tlog
C:\Users\IRIS\Desktop\MFC C# 自動化互傳(已測試過)2016.10.28\MFC C# 自動化互傳(已測試過)2016.10.28\MFC-Win32-Client\MFC-Win32-Client\Release\rc.command.1.tlog
C:\Users\IRIS\Desktop\MFC C# 自動化互傳(已測試過)2016.10.28\MFC C# 自動化互傳(已測試過)2016.10.28\MFC-Win32-Client\MFC-Win32-Client\Release\rc.read.1.tlog
C:\Users\IRIS\Desktop\MFC C# 自動化互傳(已測試過)2016.10.28\MFC C# 自動化互傳(已測試過)2016.10.28\MFC-Win32-Client\MFC-Win32-Client\Release\rc.write.1.tlog
C:\USERS\IRIS\DESKTOP\MFC C# 自動化互傳(已測試過)2016.10.28\MFC C# 自動化互傳(已測試過)2016.10.28\MFC-WIN32-CLIENT\MFC-WIN32-CLIENT\RELEASE\STDAFX.OBJ
C:\USERS\IRIS\DESKTOP\MFC C# 自動化互傳(已測試過)2016.10.28\MFC C# 自動化互傳(已測試過)2016.10.28\MFC-WIN32-CLIENT\MFC-WIN32-CLIENT\RELEASE\VC100.PDB
C:\USERS\IRIS\DESKTOP\MFC C# 自動化互傳(已測試過)2016.10.28\MFC C# 自動化互傳(已測試過)2016.10.28\MFC-WIN32-CLIENT\RELEASE\MFC-WIN32-CLIENT.EXE
C:\USERS\IRIS\DESKTOP\MFC C# 自動化互傳(已測試過)2016.10.28\MFC C# 自動化互傳(已測試過)2016.10.28\MFC-WIN32-CLIENT\RELEASE\MFC-WIN32-CLIENT.PDB
